{"level":"error","message":"err","timestamp":"2016-11-18T13:49:13.497Z"}
{"level":"info","message":"info","timestamp":"2016-11-18T13:49:13.498Z"}
{"level":"debug","message":"Found monitored channel : %s","timestamp":"2016-11-18T13:49:13.518Z"}
{"level":"error","message":"Caught error while inserting a document into elasticSearch : {}","timestamp":"2016-11-18T13:49:15.354Z"}
{"level":"error","message":"Caught error while inserting a document into elasticSearch : {}","timestamp":"2016-11-18T13:49:15.355Z"}
{"level":"error","message":"Caught error while inserting a document into elasticSearch : {}","timestamp":"2016-11-18T13:49:15.356Z"}
{"level":"error","message":"Caught error while inserting a document into elasticSearch : {}","timestamp":"2016-11-18T13:49:15.357Z"}
{"level":"error","message":"Caught error while inserting a document into elasticSearch : {}","timestamp":"2016-11-18T13:49:15.357Z"}
{"level":"error","message":"Caught error while inserting a document into elasticSearch : {}","timestamp":"2016-11-18T13:49:15.358Z"}
{"level":"error","message":"Caught error while inserting a document into elasticSearch : {}","timestamp":"2016-11-18T13:49:15.358Z"}
{"level":"error","message":"Caught error while inserting a document into elasticSearch : {}","timestamp":"2016-11-18T13:49:15.359Z"}
{"level":"error","message":"Caught error while inserting a document into elasticSearch : {}","timestamp":"2016-11-18T13:49:15.360Z"}
{"level":"error","message":"Caught error while inserting a document into elasticSearch : {}","timestamp":"2016-11-18T13:49:15.360Z"}
{"level":"error","message":"Caught error while inserting a document into elasticSearch : {}","timestamp":"2016-11-18T13:49:15.360Z"}
{"level":"error","message":"Caught error while inserting a document into elasticSearch : {}","timestamp":"2016-11-18T13:49:15.361Z"}
{"level":"error","message":"Caught error while inserting a document into elasticSearch : {}","timestamp":"2016-11-18T13:49:15.361Z"}
{"level":"error","message":"Caught error while inserting a document into elasticSearch : {}","timestamp":"2016-11-18T13:49:15.362Z"}
{"level":"error","message":"Caught error while inserting a document into elasticSearch : {}","timestamp":"2016-11-18T13:49:15.362Z"}
{"level":"error","message":"Caught error while inserting a document into elasticSearch : {}","timestamp":"2016-11-18T13:49:15.363Z"}
{"level":"error","message":"Caught error while inserting a document into elasticSearch : {}","timestamp":"2016-11-18T13:49:15.363Z"}
{"level":"error","message":"Caught error while inserting a document into elasticSearch : {}","timestamp":"2016-11-18T13:49:15.363Z"}
{"level":"error","message":"Caught error while inserting a document into elasticSearch : {}","timestamp":"2016-11-18T13:49:15.363Z"}
{"level":"error","message":"Caught error while inserting a document into elasticSearch : {}","timestamp":"2016-11-18T13:49:15.364Z"}
{"level":"error","message":"Caught error while inserting a document into elasticSearch : {}","timestamp":"2016-11-18T13:49:15.364Z"}
{"level":"error","message":"Caught error while inserting a document into elasticSearch : {}","timestamp":"2016-11-18T13:49:15.364Z"}
{"level":"error","message":"Caught error while inserting a document into elasticSearch : {}","timestamp":"2016-11-18T13:49:15.365Z"}
{"level":"error","message":"Caught error while inserting a document into elasticSearch : {}","timestamp":"2016-11-18T13:49:15.367Z"}
{"level":"error","message":"Caught error while inserting a document into elasticSearch : {}","timestamp":"2016-11-18T13:49:15.368Z"}
{"level":"error","message":"Caught error while inserting a document into elasticSearch : {}","timestamp":"2016-11-18T13:49:15.368Z"}
{"level":"error","message":"Caught error while inserting a document into elasticSearch : {}","timestamp":"2016-11-18T13:49:15.368Z"}
{"level":"error","message":"Caught error while inserting a document into elasticSearch : {}","timestamp":"2016-11-18T13:49:15.369Z"}
{"level":"error","message":"Caught error while inserting a document into elasticSearch : {}","timestamp":"2016-11-18T13:49:15.369Z"}
{"level":"error","message":"Caught error while inserting a document into elasticSearch : {}","timestamp":"2016-11-18T13:49:15.370Z"}
{"level":"error","message":"Caught error while inserting a document into elasticSearch : {}","timestamp":"2016-11-18T13:49:15.371Z"}
{"level":"error","message":"Caught error while inserting a document into elasticSearch : {}","timestamp":"2016-11-18T13:49:15.372Z"}
{"level":"error","message":"Caught error while inserting a document into elasticSearch : {}","timestamp":"2016-11-18T13:49:15.373Z"}
{"level":"error","message":"Caught error while inserting a document into elasticSearch : {}","timestamp":"2016-11-18T13:49:15.373Z"}
{"level":"error","message":"Caught error while inserting a document into elasticSearch : {}","timestamp":"2016-11-18T13:49:15.373Z"}
{"level":"error","message":"Caught error while inserting a document into elasticSearch : {}","timestamp":"2016-11-18T13:49:15.374Z"}
{"level":"error","message":"Caught error while inserting a document into elasticSearch : {}","timestamp":"2016-11-18T13:49:15.374Z"}
{"level":"error","message":"Caught error while inserting a document into elasticSearch : {}","timestamp":"2016-11-18T13:49:15.375Z"}
{"level":"error","message":"Caught error while inserting a document into elasticSearch : {}","timestamp":"2016-11-18T13:49:15.376Z"}
{"level":"error","message":"Caught error while inserting a document into elasticSearch : {}","timestamp":"2016-11-18T13:49:15.376Z"}
{"level":"error","message":"Caught error while inserting a document into elasticSearch : {}","timestamp":"2016-11-18T13:49:15.377Z"}
{"level":"error","message":"Caught error while inserting a document into elasticSearch : {}","timestamp":"2016-11-18T13:49:15.377Z"}
{"level":"error","message":"Caught error while inserting a document into elasticSearch : {}","timestamp":"2016-11-18T13:49:15.377Z"}
{"level":"error","message":"Caught error while inserting a document into elasticSearch : {}","timestamp":"2016-11-18T13:49:15.378Z"}
{"level":"error","message":"Caught error while inserting a document into elasticSearch : {}","timestamp":"2016-11-18T13:49:15.378Z"}
{"level":"error","message":"Caught error while inserting a document into elasticSearch : {}","timestamp":"2016-11-18T13:49:15.378Z"}
{"level":"error","message":"Caught error while inserting a document into elasticSearch : {}","timestamp":"2016-11-18T13:49:15.379Z"}
{"level":"error","message":"Caught error while inserting a document into elasticSearch : {}","timestamp":"2016-11-18T13:49:15.379Z"}
{"level":"error","message":"Caught error while inserting a document into elasticSearch : {}","timestamp":"2016-11-18T13:49:15.379Z"}
{"level":"error","message":"Caught error while inserting a document into elasticSearch : {}","timestamp":"2016-11-18T13:49:15.380Z"}
{"level":"error","message":"Caught error while inserting a document into elasticSearch : {}","timestamp":"2016-11-18T13:49:15.381Z"}
{"level":"error","message":"Caught error while inserting a document into elasticSearch : {}","timestamp":"2016-11-18T13:49:15.381Z"}
{"level":"error","message":"Caught error while inserting a document into elasticSearch : {}","timestamp":"2016-11-18T13:49:15.381Z"}
{"level":"error","message":"Caught error while inserting a document into elasticSearch : {}","timestamp":"2016-11-18T13:49:15.382Z"}
{"level":"error","message":"Caught error while inserting a document into elasticSearch : {}","timestamp":"2016-11-18T13:49:15.383Z"}
{"level":"error","message":"Caught error while inserting a document into elasticSearch : {}","timestamp":"2016-11-18T13:49:15.383Z"}
{"level":"error","message":"Caught error while inserting a document into elasticSearch : {}","timestamp":"2016-11-18T13:49:15.383Z"}
{"level":"error","message":"Caught error while inserting a document into elasticSearch : {}","timestamp":"2016-11-18T13:49:15.384Z"}
{"level":"error","message":"Caught error while inserting a document into elasticSearch : {}","timestamp":"2016-11-18T13:49:15.384Z"}
{"level":"error","message":"Caught error while inserting a document into elasticSearch : {}","timestamp":"2016-11-18T13:49:15.385Z"}
{"level":"error","message":"Caught error while inserting a document into elasticSearch : {}","timestamp":"2016-11-18T13:49:15.385Z"}
{"level":"error","message":"Caught error while inserting a document into elasticSearch : {}","timestamp":"2016-11-18T13:49:15.386Z"}
{"level":"error","message":"Caught error while inserting a document into elasticSearch : {}","timestamp":"2016-11-18T13:49:15.387Z"}
{"level":"error","message":"Caught error while inserting a document into elasticSearch : {}","timestamp":"2016-11-18T13:49:15.388Z"}
{"level":"error","message":"Caught error while inserting a document into elasticSearch : {}","timestamp":"2016-11-18T13:49:15.388Z"}
{"level":"error","message":"Caught error while inserting a document into elasticSearch : {}","timestamp":"2016-11-18T13:49:15.388Z"}
{"level":"error","message":"Caught error while inserting a document into elasticSearch : {}","timestamp":"2016-11-18T13:49:15.388Z"}
{"level":"error","message":"Caught error while inserting a document into elasticSearch : {}","timestamp":"2016-11-18T13:49:15.389Z"}
{"level":"error","message":"Caught error while inserting a document into elasticSearch : {}","timestamp":"2016-11-18T13:49:15.389Z"}
{"level":"error","message":"Caught error while inserting a document into elasticSearch : {}","timestamp":"2016-11-18T13:49:15.390Z"}
{"level":"error","message":"Caught error while inserting a document into elasticSearch : {}","timestamp":"2016-11-18T13:49:15.390Z"}
{"level":"error","message":"Caught error while inserting a document into elasticSearch : {}","timestamp":"2016-11-18T13:49:15.390Z"}
{"level":"error","message":"Caught error while inserting a document into elasticSearch : {}","timestamp":"2016-11-18T13:49:15.390Z"}
{"level":"error","message":"Caught error while inserting a document into elasticSearch : {}","timestamp":"2016-11-18T13:49:15.391Z"}
{"level":"error","message":"Caught error while inserting a document into elasticSearch : {}","timestamp":"2016-11-18T13:49:15.393Z"}
{"level":"error","message":"Caught error while inserting a document into elasticSearch : {}","timestamp":"2016-11-18T13:49:15.393Z"}
{"level":"error","message":"Caught error while inserting a document into elasticSearch : {}","timestamp":"2016-11-18T13:49:15.394Z"}
{"level":"error","message":"Caught error while inserting a document into elasticSearch : {}","timestamp":"2016-11-18T13:49:15.394Z"}
{"level":"error","message":"Caught error while inserting a document into elasticSearch : {}","timestamp":"2016-11-18T13:49:15.394Z"}
{"level":"error","message":"Caught error while inserting a document into elasticSearch : {}","timestamp":"2016-11-18T13:49:15.395Z"}
{"level":"error","message":"Caught error while inserting a document into elasticSearch : {}","timestamp":"2016-11-18T13:49:15.395Z"}
{"level":"error","message":"Caught error while inserting a document into elasticSearch : {}","timestamp":"2016-11-18T13:49:15.395Z"}
{"level":"error","message":"Caught error while inserting a document into elasticSearch : {}","timestamp":"2016-11-18T13:49:15.396Z"}
{"level":"error","message":"Caught error while inserting a document into elasticSearch : {}","timestamp":"2016-11-18T13:49:15.396Z"}
{"level":"error","message":"Caught error while inserting a document into elasticSearch : {}","timestamp":"2016-11-18T13:49:15.396Z"}
{"level":"error","message":"Caught error while inserting a document into elasticSearch : {}","timestamp":"2016-11-18T13:49:15.396Z"}
{"level":"error","message":"Caught error while inserting a document into elasticSearch : {}","timestamp":"2016-11-18T13:49:15.397Z"}
{"level":"error","message":"Caught error while inserting a document into elasticSearch : {}","timestamp":"2016-11-18T13:49:15.397Z"}
{"level":"error","message":"Caught error while inserting a document into elasticSearch : {}","timestamp":"2016-11-18T13:49:15.397Z"}
{"level":"error","message":"Caught error while inserting a document into elasticSearch : {}","timestamp":"2016-11-18T13:49:15.397Z"}
{"level":"error","message":"Caught error while inserting a document into elasticSearch : {}","timestamp":"2016-11-18T13:49:15.398Z"}
{"level":"error","message":"Caught error while inserting a document into elasticSearch : {}","timestamp":"2016-11-18T13:49:15.398Z"}
{"level":"error","message":"Caught error while inserting a document into elasticSearch : {}","timestamp":"2016-11-18T13:49:15.398Z"}
{"level":"error","message":"Caught error while inserting a document into elasticSearch : {}","timestamp":"2016-11-18T13:49:15.399Z"}
{"level":"error","message":"Caught error while inserting a document into elasticSearch : {}","timestamp":"2016-11-18T13:49:15.399Z"}
{"level":"error","message":"Caught error while inserting a document into elasticSearch : {}","timestamp":"2016-11-18T13:49:15.399Z"}
{"level":"error","message":"Caught error while inserting a document into elasticSearch : {}","timestamp":"2016-11-18T13:49:15.399Z"}
{"level":"error","message":"Caught error while inserting a document into elasticSearch : {}","timestamp":"2016-11-18T13:49:15.399Z"}
{"level":"error","message":"Caught error while inserting a document into elasticSearch : {}","timestamp":"2016-11-18T13:49:15.400Z"}
{"level":"error","message":"Caught error while inserting a document into elasticSearch : {}","timestamp":"2016-11-18T13:49:15.400Z"}
{"level":"error","message":"Caught error while inserting a document into elasticSearch : {}","timestamp":"2016-11-18T13:49:15.460Z"}
{"level":"error","message":"Caught error while inserting a document into elasticSearch : {}","timestamp":"2016-11-18T13:49:15.462Z"}
{"level":"error","message":"Caught error while inserting a document into elasticSearch : {}","timestamp":"2016-11-18T13:49:15.463Z"}
{"level":"error","message":"Caught error while inserting a document into elasticSearch : {}","timestamp":"2016-11-18T13:49:15.472Z"}
{"level":"error","message":"Caught error while inserting a document into elasticSearch : {}","timestamp":"2016-11-18T13:49:15.472Z"}
{"level":"error","message":"Caught error while inserting a document into elasticSearch : {}","timestamp":"2016-11-18T13:49:15.473Z"}
{"level":"error","message":"Caught error while inserting a document into elasticSearch : {}","timestamp":"2016-11-18T13:49:15.473Z"}
{"level":"error","message":"Caught error while inserting a document into elasticSearch : {}","timestamp":"2016-11-18T13:49:15.473Z"}
{"level":"error","message":"Caught error while inserting a document into elasticSearch : {}","timestamp":"2016-11-18T13:49:15.474Z"}
{"level":"error","message":"Caught error while inserting a document into elasticSearch : {}","timestamp":"2016-11-18T13:49:15.474Z"}
{"level":"error","message":"Caught error while inserting a document into elasticSearch : {}","timestamp":"2016-11-18T13:49:15.475Z"}
{"level":"error","message":"Caught error while inserting a document into elasticSearch : {}","timestamp":"2016-11-18T13:49:15.475Z"}
{"level":"error","message":"Caught error while inserting a document into elasticSearch : {}","timestamp":"2016-11-18T13:49:15.476Z"}
{"level":"error","message":"Caught error while inserting a document into elasticSearch : {}","timestamp":"2016-11-18T13:49:15.476Z"}
{"level":"error","message":"Caught error while inserting a document into elasticSearch : {}","timestamp":"2016-11-18T13:49:15.477Z"}
{"level":"error","message":"Caught error while inserting a document into elasticSearch : {}","timestamp":"2016-11-18T13:49:15.477Z"}
{"level":"error","message":"Caught error while inserting a document into elasticSearch : {}","timestamp":"2016-11-18T13:49:15.478Z"}
{"level":"error","message":"Caught error while inserting a document into elasticSearch : {}","timestamp":"2016-11-18T13:49:15.478Z"}
{"level":"error","message":"Caught error while inserting a document into elasticSearch : {}","timestamp":"2016-11-18T13:49:15.478Z"}
{"level":"error","message":"Caught error while inserting a document into elasticSearch : {}","timestamp":"2016-11-18T13:49:15.479Z"}
{"level":"error","message":"Caught error while inserting a document into elasticSearch : {}","timestamp":"2016-11-18T13:49:15.479Z"}
{"level":"error","message":"Caught error while inserting a document into elasticSearch : {}","timestamp":"2016-11-18T13:49:15.480Z"}
{"level":"error","message":"Caught error while inserting a document into elasticSearch : {}","timestamp":"2016-11-18T13:49:15.481Z"}
{"level":"error","message":"Caught error while inserting a document into elasticSearch : {}","timestamp":"2016-11-18T13:49:15.481Z"}
{"level":"error","message":"Caught error while inserting a document into elasticSearch : {}","timestamp":"2016-11-18T13:49:15.484Z"}
{"level":"error","message":"Caught error while inserting a document into elasticSearch : {}","timestamp":"2016-11-18T13:49:15.485Z"}
{"level":"error","message":"Caught error while inserting a document into elasticSearch : {}","timestamp":"2016-11-18T13:49:15.489Z"}
{"level":"error","message":"Caught error while inserting a document into elasticSearch : {}","timestamp":"2016-11-18T13:49:15.493Z"}
{"level":"error","message":"Caught error while inserting a document into elasticSearch : {}","timestamp":"2016-11-18T13:49:15.494Z"}
{"level":"error","message":"Caught error while inserting a document into elasticSearch : {}","timestamp":"2016-11-18T13:49:15.495Z"}
{"level":"error","message":"Caught error while inserting a document into elasticSearch : {}","timestamp":"2016-11-18T13:49:15.496Z"}
{"level":"error","message":"Caught error while inserting a document into elasticSearch : {}","timestamp":"2016-11-18T13:49:15.497Z"}
{"level":"error","message":"Caught error while inserting a document into elasticSearch : {}","timestamp":"2016-11-18T13:49:15.506Z"}
{"level":"error","message":"Caught error while inserting a document into elasticSearch : {}","timestamp":"2016-11-18T13:49:15.507Z"}
{"level":"error","message":"Caught error while inserting a document into elasticSearch : {}","timestamp":"2016-11-18T13:49:15.507Z"}
{"level":"error","message":"Caught error while inserting a document into elasticSearch : {}","timestamp":"2016-11-18T13:49:15.508Z"}
{"level":"error","message":"Caught error while inserting a document into elasticSearch : {}","timestamp":"2016-11-18T13:49:15.508Z"}
{"level":"error","message":"Caught error while inserting a document into elasticSearch : {}","timestamp":"2016-11-18T13:49:15.508Z"}
{"level":"error","message":"Caught error while inserting a document into elasticSearch : {}","timestamp":"2016-11-18T13:49:15.509Z"}
{"level":"error","message":"Caught error while inserting a document into elasticSearch : {}","timestamp":"2016-11-18T13:49:15.509Z"}
{"level":"error","message":"Caught error while inserting a document into elasticSearch : {}","timestamp":"2016-11-18T13:49:15.510Z"}
{"level":"error","message":"Caught error while inserting a document into elasticSearch : {}","timestamp":"2016-11-18T13:49:15.511Z"}
{"level":"error","message":"Caught error while inserting a document into elasticSearch : {}","timestamp":"2016-11-18T13:49:15.511Z"}
{"level":"error","message":"Caught error while inserting a document into elasticSearch : {}","timestamp":"2016-11-18T13:49:15.512Z"}
{"level":"error","message":"Caught error while inserting a document into elasticSearch : {}","timestamp":"2016-11-18T13:49:15.512Z"}
{"level":"error","message":"Caught error while inserting a document into elasticSearch : {}","timestamp":"2016-11-18T13:49:15.513Z"}
{"level":"error","message":"Caught error while inserting a document into elasticSearch : {}","timestamp":"2016-11-18T13:49:15.513Z"}
{"level":"error","message":"Caught error while inserting a document into elasticSearch : {}","timestamp":"2016-11-18T13:49:15.513Z"}
{"level":"error","message":"Caught error while inserting a document into elasticSearch : {}","timestamp":"2016-11-18T13:49:15.513Z"}
{"level":"error","message":"Caught error while inserting a document into elasticSearch : {}","timestamp":"2016-11-18T13:49:15.514Z"}
{"level":"error","message":"Caught error while inserting a document into elasticSearch : {}","timestamp":"2016-11-18T13:49:15.514Z"}
{"level":"error","message":"Caught error while inserting a document into elasticSearch : {}","timestamp":"2016-11-18T13:49:15.514Z"}
{"level":"error","message":"Caught error while inserting a document into elasticSearch : {}","timestamp":"2016-11-18T13:49:15.515Z"}
{"level":"error","message":"Caught error while inserting a document into elasticSearch : {}","timestamp":"2016-11-18T13:49:15.515Z"}
{"level":"error","message":"Caught error while inserting a document into elasticSearch : {}","timestamp":"2016-11-18T13:49:15.515Z"}
{"level":"error","message":"Caught error while inserting a document into elasticSearch : {}","timestamp":"2016-11-18T13:49:15.516Z"}
{"level":"error","message":"Caught error while inserting a document into elasticSearch : {}","timestamp":"2016-11-18T13:49:15.521Z"}
{"level":"error","message":"Caught error while inserting a document into elasticSearch : {}","timestamp":"2016-11-18T13:49:15.524Z"}
{"level":"error","message":"Caught error while inserting a document into elasticSearch : {}","timestamp":"2016-11-18T13:49:15.527Z"}
{"level":"error","message":"Caught error while inserting a document into elasticSearch : {}","timestamp":"2016-11-18T13:49:15.541Z"}
{"level":"error","message":"Caught error while inserting a document into elasticSearch : {}","timestamp":"2016-11-18T13:49:15.541Z"}
{"level":"error","message":"Caught error while inserting a document into elasticSearch : {}","timestamp":"2016-11-18T13:49:15.541Z"}
{"level":"error","message":"Caught error while inserting a document into elasticSearch : {}","timestamp":"2016-11-18T13:49:15.542Z"}
{"level":"error","message":"Caught error while inserting a document into elasticSearch : {}","timestamp":"2016-11-18T13:49:15.543Z"}
{"level":"error","message":"Caught error while inserting a document into elasticSearch : {}","timestamp":"2016-11-18T13:49:15.543Z"}
{"level":"error","message":"Caught error while inserting a document into elasticSearch : {}","timestamp":"2016-11-18T13:49:15.544Z"}
{"level":"error","message":"Caught error while inserting a document into elasticSearch : {}","timestamp":"2016-11-18T13:49:15.544Z"}
{"level":"error","message":"Caught error while inserting a document into elasticSearch : {}","timestamp":"2016-11-18T13:49:15.545Z"}
{"level":"error","message":"Caught error while inserting a document into elasticSearch : {}","timestamp":"2016-11-18T13:49:15.545Z"}
{"level":"error","message":"Caught error while inserting a document into elasticSearch : {}","timestamp":"2016-11-18T13:49:15.546Z"}
{"level":"error","message":"Caught error while inserting a document into elasticSearch : {}","timestamp":"2016-11-18T13:49:15.546Z"}
{"level":"error","message":"Caught error while inserting a document into elasticSearch : {}","timestamp":"2016-11-18T13:49:15.546Z"}
{"level":"error","message":"Caught error while inserting a document into elasticSearch : {}","timestamp":"2016-11-18T13:49:15.547Z"}
{"level":"error","message":"Caught error while inserting a document into elasticSearch : {}","timestamp":"2016-11-18T13:49:15.547Z"}
{"level":"error","message":"Caught error while inserting a document into elasticSearch : {}","timestamp":"2016-11-18T13:49:15.548Z"}
{"level":"error","message":"Caught error while inserting a document into elasticSearch : {}","timestamp":"2016-11-18T13:49:15.548Z"}
{"level":"error","message":"Caught error while inserting a document into elasticSearch : {}","timestamp":"2016-11-18T13:49:15.548Z"}
{"level":"error","message":"Caught error while inserting a document into elasticSearch : {}","timestamp":"2016-11-18T13:49:15.549Z"}
{"level":"error","message":"Caught error while inserting a document into elasticSearch : {}","timestamp":"2016-11-18T13:49:15.549Z"}
{"level":"error","message":"Caught error while inserting a document into elasticSearch : {}","timestamp":"2016-11-18T13:49:15.549Z"}
{"level":"error","message":"Caught error while inserting a document into elasticSearch : {}","timestamp":"2016-11-18T13:49:15.549Z"}
{"level":"error","message":"Caught error while inserting a document into elasticSearch : {}","timestamp":"2016-11-18T13:49:15.550Z"}
{"level":"error","message":"Caught error while inserting a document into elasticSearch : {}","timestamp":"2016-11-18T13:49:15.550Z"}
{"level":"error","message":"Caught error while inserting a document into elasticSearch : {}","timestamp":"2016-11-18T13:49:15.550Z"}
{"level":"error","message":"Caught error while inserting a document into elasticSearch : {}","timestamp":"2016-11-18T13:49:15.550Z"}
{"level":"error","message":"Caught error while inserting a document into elasticSearch : {}","timestamp":"2016-11-18T13:49:15.551Z"}
{"level":"error","message":"Caught error while inserting a document into elasticSearch : {}","timestamp":"2016-11-18T13:49:15.551Z"}
{"level":"error","message":"Caught error while inserting a document into elasticSearch : {}","timestamp":"2016-11-18T13:49:15.551Z"}
{"level":"error","message":"Caught error while inserting a document into elasticSearch : {}","timestamp":"2016-11-18T13:49:15.552Z"}
{"level":"error","message":"Caught error while inserting a document into elasticSearch : {}","timestamp":"2016-11-18T13:49:15.552Z"}
{"level":"error","message":"Caught error while inserting a document into elasticSearch : {}","timestamp":"2016-11-18T13:49:15.552Z"}
{"level":"error","message":"Caught error while inserting a document into elasticSearch : {}","timestamp":"2016-11-18T13:49:15.553Z"}
{"level":"error","message":"Caught error while inserting a document into elasticSearch : {}","timestamp":"2016-11-18T13:49:15.553Z"}
{"level":"error","message":"Caught error while inserting a document into elasticSearch : {}","timestamp":"2016-11-18T13:49:15.553Z"}
{"level":"error","message":"Caught error while inserting a document into elasticSearch : {}","timestamp":"2016-11-18T13:49:15.554Z"}
{"level":"error","message":"Caught error while inserting a document into elasticSearch : {}","timestamp":"2016-11-18T13:49:15.554Z"}
{"level":"error","message":"Caught error while inserting a document into elasticSearch : {}","timestamp":"2016-11-18T13:49:15.554Z"}
{"level":"error","message":"Caught error while inserting a document into elasticSearch : {}","timestamp":"2016-11-18T13:49:15.554Z"}
{"level":"error","message":"Caught error while inserting a document into elasticSearch : {}","timestamp":"2016-11-18T13:49:15.554Z"}
{"level":"error","message":"Caught error while inserting a document into elasticSearch : {}","timestamp":"2016-11-18T13:49:15.555Z"}
{"level":"error","message":"Caught error while inserting a document into elasticSearch : {}","timestamp":"2016-11-18T13:49:15.562Z"}
{"level":"error","message":"Caught error while inserting a document into elasticSearch : {}","timestamp":"2016-11-18T13:49:15.562Z"}
{"level":"error","message":"Caught error while inserting a document into elasticSearch : {}","timestamp":"2016-11-18T13:49:15.563Z"}
{"level":"error","message":"Caught error while inserting a document into elasticSearch : {}","timestamp":"2016-11-18T13:49:15.563Z"}
{"level":"error","message":"Caught error while inserting a document into elasticSearch : {}","timestamp":"2016-11-18T13:49:15.563Z"}
{"level":"error","message":"Caught error while inserting a document into elasticSearch : {}","timestamp":"2016-11-18T13:49:15.563Z"}
{"level":"error","message":"Caught error while inserting a document into elasticSearch : {}","timestamp":"2016-11-18T13:49:15.564Z"}
{"level":"error","message":"Caught error while inserting a document into elasticSearch : {}","timestamp":"2016-11-18T13:49:15.564Z"}
{"level":"error","message":"Caught error while inserting a document into elasticSearch : {}","timestamp":"2016-11-18T13:49:15.564Z"}
{"level":"error","message":"Caught error while inserting a document into elasticSearch : {}","timestamp":"2016-11-18T13:49:15.564Z"}
{"level":"error","message":"Caught error while inserting a document into elasticSearch : {}","timestamp":"2016-11-18T13:49:15.565Z"}
{"level":"error","message":"Caught error while inserting a document into elasticSearch : {}","timestamp":"2016-11-18T13:49:15.565Z"}
{"level":"error","message":"Caught error while inserting a document into elasticSearch : {}","timestamp":"2016-11-18T13:49:15.565Z"}
{"level":"error","message":"Caught error while inserting a document into elasticSearch : {}","timestamp":"2016-11-18T13:49:15.566Z"}
{"level":"error","message":"Caught error while inserting a document into elasticSearch : {}","timestamp":"2016-11-18T13:49:15.566Z"}
{"level":"error","message":"Caught error while inserting a document into elasticSearch : {}","timestamp":"2016-11-18T13:49:15.566Z"}
{"level":"error","message":"Caught error while inserting a document into elasticSearch : {}","timestamp":"2016-11-18T13:49:15.566Z"}
{"level":"error","message":"Caught error while inserting a document into elasticSearch : {}","timestamp":"2016-11-18T13:49:15.566Z"}
{"level":"error","message":"Caught error while inserting a document into elasticSearch : {}","timestamp":"2016-11-18T13:49:15.567Z"}
{"level":"error","message":"Caught error while inserting a document into elasticSearch : {}","timestamp":"2016-11-18T13:49:15.567Z"}
{"level":"error","message":"Caught error while inserting a document into elasticSearch : {}","timestamp":"2016-11-18T13:49:15.567Z"}
{"level":"error","message":"Caught error while inserting a document into elasticSearch : {}","timestamp":"2016-11-18T13:49:15.568Z"}
{"level":"error","message":"Caught error while inserting a document into elasticSearch : {}","timestamp":"2016-11-18T13:49:15.568Z"}
{"level":"error","message":"Caught error while inserting a document into elasticSearch : {}","timestamp":"2016-11-18T13:49:15.568Z"}
{"level":"error","message":"Caught error while inserting a document into elasticSearch : {}","timestamp":"2016-11-18T13:49:15.568Z"}
{"level":"error","message":"Caught error while inserting a document into elasticSearch : {}","timestamp":"2016-11-18T13:49:15.568Z"}
{"level":"error","message":"Caught error while inserting a document into elasticSearch : {}","timestamp":"2016-11-18T13:49:15.569Z"}
{"level":"error","message":"Caught error while inserting a document into elasticSearch : {}","timestamp":"2016-11-18T13:49:15.569Z"}
{"level":"error","message":"Caught error while inserting a document into elasticSearch : {}","timestamp":"2016-11-18T13:49:15.569Z"}
{"level":"error","message":"Caught error while inserting a document into elasticSearch : {}","timestamp":"2016-11-18T13:49:15.569Z"}
{"level":"error","message":"Caught error while inserting a document into elasticSearch : {}","timestamp":"2016-11-18T13:49:15.569Z"}
{"level":"error","message":"Caught error while inserting a document into elasticSearch : {}","timestamp":"2016-11-18T13:49:15.570Z"}
{"level":"error","message":"Caught error while inserting a document into elasticSearch : {}","timestamp":"2016-11-18T13:49:15.570Z"}
{"level":"error","message":"Caught error while inserting a document into elasticSearch : {}","timestamp":"2016-11-18T13:49:15.570Z"}
{"level":"error","message":"Caught error while inserting a document into elasticSearch : {}","timestamp":"2016-11-18T13:49:15.570Z"}
{"level":"error","message":"Caught error while inserting a document into elasticSearch : {}","timestamp":"2016-11-18T13:49:15.570Z"}
{"level":"error","message":"Caught error while inserting a document into elasticSearch : {}","timestamp":"2016-11-18T13:49:15.571Z"}
{"level":"error","message":"Caught error while inserting a document into elasticSearch : {}","timestamp":"2016-11-18T13:49:15.571Z"}
{"level":"error","message":"Caught error while inserting a document into elasticSearch : {}","timestamp":"2016-11-18T13:49:15.571Z"}
{"level":"error","message":"Caught error while inserting a document into elasticSearch : {}","timestamp":"2016-11-18T13:49:15.571Z"}
{"level":"error","message":"Caught error while inserting a document into elasticSearch : {}","timestamp":"2016-11-18T13:49:15.572Z"}
{"level":"error","message":"Caught error while inserting a document into elasticSearch : {}","timestamp":"2016-11-18T13:49:15.572Z"}
{"level":"error","message":"Caught error while inserting a document into elasticSearch : {}","timestamp":"2016-11-18T13:49:15.573Z"}
{"level":"error","message":"Caught error while inserting a document into elasticSearch : {}","timestamp":"2016-11-18T13:49:15.573Z"}
{"level":"error","message":"Caught error while inserting a document into elasticSearch : {}","timestamp":"2016-11-18T13:49:15.573Z"}
{"level":"error","message":"Caught error while inserting a document into elasticSearch : {}","timestamp":"2016-11-18T13:49:15.573Z"}
{"level":"error","message":"Caught error while inserting a document into elasticSearch : {}","timestamp":"2016-11-18T13:49:15.573Z"}
{"level":"error","message":"Caught error while inserting a document into elasticSearch : {}","timestamp":"2016-11-18T13:49:15.574Z"}
{"level":"error","message":"Caught error while inserting a document into elasticSearch : {}","timestamp":"2016-11-18T13:49:15.574Z"}
{"level":"error","message":"Caught error while inserting a document into elasticSearch : {}","timestamp":"2016-11-18T13:49:15.574Z"}
{"level":"error","message":"Caught error while inserting a document into elasticSearch : {}","timestamp":"2016-11-18T13:49:15.575Z"}
{"level":"error","message":"Caught error while inserting a document into elasticSearch : {}","timestamp":"2016-11-18T13:49:15.575Z"}
{"level":"error","message":"Caught error while inserting a document into elasticSearch : {}","timestamp":"2016-11-18T13:49:15.575Z"}
{"level":"error","message":"Caught error while inserting a document into elasticSearch : {}","timestamp":"2016-11-18T13:49:15.575Z"}
{"level":"error","message":"Caught error while inserting a document into elasticSearch : {}","timestamp":"2016-11-18T13:49:15.576Z"}
{"level":"error","message":"Caught error while inserting a document into elasticSearch : {}","timestamp":"2016-11-18T13:49:15.576Z"}
{"level":"error","message":"Caught error while inserting a document into elasticSearch : {}","timestamp":"2016-11-18T13:49:15.576Z"}
{"level":"error","message":"Caught error while inserting a document into elasticSearch : {}","timestamp":"2016-11-18T13:49:15.576Z"}
{"level":"error","message":"Caught error while inserting a document into elasticSearch : {}","timestamp":"2016-11-18T13:49:15.577Z"}
{"level":"error","message":"Caught error while inserting a document into elasticSearch : {}","timestamp":"2016-11-18T13:49:15.577Z"}
{"level":"error","message":"Caught error while inserting a document into elasticSearch : {}","timestamp":"2016-11-18T13:49:15.578Z"}
{"level":"error","message":"Caught error while inserting a document into elasticSearch : {}","timestamp":"2016-11-18T13:49:15.578Z"}
{"level":"error","message":"Caught error while inserting a document into elasticSearch : {}","timestamp":"2016-11-18T13:49:15.578Z"}
{"level":"error","message":"Caught error while inserting a document into elasticSearch : {}","timestamp":"2016-11-18T13:49:15.578Z"}
{"level":"error","message":"Caught error while inserting a document into elasticSearch : {}","timestamp":"2016-11-18T13:49:15.579Z"}
{"level":"error","message":"Caught error while inserting a document into elasticSearch : {}","timestamp":"2016-11-18T13:49:15.579Z"}
{"level":"error","message":"Caught error while inserting a document into elasticSearch : {}","timestamp":"2016-11-18T13:49:15.579Z"}
{"level":"error","message":"Caught error while inserting a document into elasticSearch : {}","timestamp":"2016-11-18T13:49:15.580Z"}
{"level":"error","message":"Caught error while inserting a document into elasticSearch : {}","timestamp":"2016-11-18T13:49:15.580Z"}
{"level":"error","message":"Caught error while inserting a document into elasticSearch : {}","timestamp":"2016-11-18T13:49:15.580Z"}
{"level":"error","message":"Caught error while inserting a document into elasticSearch : {}","timestamp":"2016-11-18T13:49:15.580Z"}
{"level":"error","message":"Caught error while inserting a document into elasticSearch : {}","timestamp":"2016-11-18T13:49:15.581Z"}
{"level":"error","message":"Caught error while inserting a document into elasticSearch : {}","timestamp":"2016-11-18T13:49:15.581Z"}
{"level":"error","message":"Caught error while inserting a document into elasticSearch : {}","timestamp":"2016-11-18T13:49:15.581Z"}
{"level":"error","message":"Caught error while inserting a document into elasticSearch : {}","timestamp":"2016-11-18T13:49:15.581Z"}
{"level":"error","message":"Caught error while inserting a document into elasticSearch : {}","timestamp":"2016-11-18T13:49:15.581Z"}
{"level":"error","message":"Caught error while inserting a document into elasticSearch : {}","timestamp":"2016-11-18T13:49:15.582Z"}
{"level":"error","message":"Caught error while inserting a document into elasticSearch : {}","timestamp":"2016-11-18T13:49:15.582Z"}
{"level":"error","message":"Caught error while inserting a document into elasticSearch : {}","timestamp":"2016-11-18T13:49:15.582Z"}
{"level":"error","message":"Caught error while inserting a document into elasticSearch : {}","timestamp":"2016-11-18T13:49:15.583Z"}
{"level":"error","message":"Caught error while inserting a document into elasticSearch : {}","timestamp":"2016-11-18T13:49:15.583Z"}
{"level":"error","message":"Caught error while inserting a document into elasticSearch : {}","timestamp":"2016-11-18T13:49:15.583Z"}
{"level":"error","message":"Caught error while inserting a document into elasticSearch : {}","timestamp":"2016-11-18T13:49:15.583Z"}
{"level":"error","message":"Caught error while inserting a document into elasticSearch : {}","timestamp":"2016-11-18T13:49:15.584Z"}
{"level":"error","message":"Caught error while inserting a document into elasticSearch : {}","timestamp":"2016-11-18T13:49:15.584Z"}
{"level":"error","message":"Caught error while inserting a document into elasticSearch : {}","timestamp":"2016-11-18T13:49:15.584Z"}
{"level":"error","message":"Caught error while inserting a document into elasticSearch : {}","timestamp":"2016-11-18T13:49:15.584Z"}
{"level":"error","message":"Caught error while inserting a document into elasticSearch : {}","timestamp":"2016-11-18T13:49:15.585Z"}
{"level":"error","message":"Caught error while inserting a document into elasticSearch : {}","timestamp":"2016-11-18T13:49:15.585Z"}
{"level":"error","message":"Caught error while inserting a document into elasticSearch : {}","timestamp":"2016-11-18T13:49:15.585Z"}
{"level":"error","message":"Caught error while inserting a document into elasticSearch : {}","timestamp":"2016-11-18T13:49:15.585Z"}
{"level":"error","message":"Caught error while inserting a document into elasticSearch : {}","timestamp":"2016-11-18T13:49:15.586Z"}
{"level":"error","message":"Caught error while inserting a document into elasticSearch : {}","timestamp":"2016-11-18T13:49:15.586Z"}
{"level":"error","message":"Caught error while inserting a document into elasticSearch : {}","timestamp":"2016-11-18T13:49:15.586Z"}
{"level":"error","message":"Caught error while inserting a document into elasticSearch : {}","timestamp":"2016-11-18T13:49:15.586Z"}
{"level":"error","message":"Caught error while inserting a document into elasticSearch : {}","timestamp":"2016-11-18T13:49:15.586Z"}
{"level":"error","message":"Caught error while inserting a document into elasticSearch : {}","timestamp":"2016-11-18T13:49:15.587Z"}
{"level":"error","message":"Caught error while inserting a document into elasticSearch : {}","timestamp":"2016-11-18T13:49:15.587Z"}
{"level":"error","message":"Caught error while inserting a document into elasticSearch : {}","timestamp":"2016-11-18T13:49:15.587Z"}
{"level":"error","message":"Caught error while inserting a document into elasticSearch : {}","timestamp":"2016-11-18T13:49:15.587Z"}
